{"/Users/jmasse/Sites/slooh-app/app/components/common/google-ads/GoogleAd.js": {"path":"/Users/jmasse/Sites/slooh-app/app/components/common/google-ads/GoogleAd.js","statementMap":{"0":{"start":{"line":13,"column":54},"end":{"line":13,"column":64}},"1":{"start":{"line":15,"column":4},"end":{"line":26,"column":5}},"2":{"start":{"line":16,"column":6},"end":{"line":25,"column":9}},"3":{"start":{"line":17,"column":8},"end":{"line":21,"column":49}},"4":{"start":{"line":22,"column":8},"end":{"line":22,"column":56}},"5":{"start":{"line":23,"column":8},"end":{"line":23,"column":42}},"6":{"start":{"line":24,"column":8},"end":{"line":24,"column":46}},"7":{"start":{"line":30,"column":4},"end":{"line":30,"column":36}},"8":{"start":{"line":34,"column":47},"end":{"line":34,"column":57}},"9":{"start":{"line":35,"column":26},"end":{"line":38,"column":5}},"10":{"start":{"line":40,"column":4},"end":{"line":62,"column":6}}},"fnMap":{"0":{"name":"(anonymous_0)","decl":{"start":{"line":12,"column":2},"end":{"line":12,"column":3}},"loc":{"start":{"line":12,"column":22},"end":{"line":27,"column":3}},"line":12},"1":{"name":"(anonymous_1)","decl":{"start":{"line":16,"column":32},"end":{"line":16,"column":33}},"loc":{"start":{"line":16,"column":38},"end":{"line":25,"column":7}},"line":16},"2":{"name":"(anonymous_2)","decl":{"start":{"line":29,"column":2},"end":{"line":29,"column":3}},"loc":{"start":{"line":29,"column":25},"end":{"line":31,"column":3}},"line":29},"3":{"name":"(anonymous_3)","decl":{"start":{"line":33,"column":2},"end":{"line":33,"column":3}},"loc":{"start":{"line":33,"column":11},"end":{"line":63,"column":3}},"line":33}},"branchMap":{"0":{"loc":{"start":{"line":15,"column":4},"end":{"line":26,"column":5}},"type":"if","locations":[{"start":{"line":15,"column":4},"end":{"line":26,"column":5}},{"start":{"line":15,"column":4},"end":{"line":26,"column":5}}],"line":15}},"s":{"0":1,"1":1,"2":0,"3":0,"4":0,"5":0,"6":0,"7":0,"8":1,"9":1,"10":1},"f":{"0":1,"1":0,"2":0,"3":1},"b":{"0":[0,1]},"_coverageSchema":"332fd63041d2c1bcb487cc26dd0d5f7d97098a6c","hash":"0badcf4714e08dca05b74456745d9028c14db7d5"}
,"/Users/jmasse/Sites/slooh-app/app/components/common/headers/SectionHeader.js": {"path":"/Users/jmasse/Sites/slooh-app/app/components/common/headers/SectionHeader.js","statementMap":{"0":{"start":{"line":5,"column":22},"end":{"line":25,"column":1}},"1":{"start":{"line":6,"column":2},"end":{"line":24,"column":8}},"2":{"start":{"line":27,"column":0},"end":{"line":29,"column":2}},"3":{"start":{"line":31,"column":0},"end":{"line":33,"column":2}}},"fnMap":{"0":{"name":"(anonymous_0)","decl":{"start":{"line":5,"column":22},"end":{"line":5,"column":23}},"loc":{"start":{"line":6,"column":2},"end":{"line":24,"column":8}},"line":6}},"branchMap":{},"s":{"0":1,"1":1,"2":1,"3":1},"f":{"0":1},"b":{},"_coverageSchema":"332fd63041d2c1bcb487cc26dd0d5f7d97098a6c","hash":"50e28156ebab78ded143f76c402a7ce90605a816"}
,"/Users/jmasse/Sites/slooh-app/app/components/common/live-sign/live-sign.js": {"path":"/Users/jmasse/Sites/slooh-app/app/components/common/live-sign/live-sign.js","statementMap":{"0":{"start":{"line":5,"column":4},"end":{"line":72,"column":6}}},"fnMap":{"0":{"name":"(anonymous_0)","decl":{"start":{"line":4,"column":2},"end":{"line":4,"column":3}},"loc":{"start":{"line":4,"column":11},"end":{"line":73,"column":3}},"line":4}},"branchMap":{},"s":{"0":1},"f":{"0":1},"b":{},"_coverageSchema":"332fd63041d2c1bcb487cc26dd0d5f7d97098a6c","hash":"d808cd833ef5f085d0c0400f8d64f5ca00800017"}
,"/Users/jmasse/Sites/slooh-app/app/components/telescope-details/UpcomingMissions/Mission.js": {"path":"/Users/jmasse/Sites/slooh-app/app/components/telescope-details/UpcomingMissions/Mission.js","statementMap":{"0":{"start":{"line":5,"column":2},"end":{"line":7,"column":4}},"1":{"start":{"line":10,"column":18},"end":{"line":13,"column":1}},"2":{"start":{"line":15,"column":16},"end":{"line":22,"column":1}},"3":{"start":{"line":16,"column":2},"end":{"line":21,"column":8}},"4":{"start":{"line":25,"column":0},"end":{"line":25,"column":30}}},"fnMap":{"0":{"name":"backgroundImage","decl":{"start":{"line":4,"column":9},"end":{"line":4,"column":24}},"loc":{"start":{"line":4,"column":35},"end":{"line":8,"column":1}},"line":4},"1":{"name":"(anonymous_1)","decl":{"start":{"line":15,"column":16},"end":{"line":15,"column":17}},"loc":{"start":{"line":16,"column":2},"end":{"line":21,"column":8}},"line":16}},"branchMap":{},"s":{"0":1,"1":2,"2":2,"3":1,"4":2},"f":{"0":1,"1":1},"b":{},"_coverageSchema":"332fd63041d2c1bcb487cc26dd0d5f7d97098a6c","hash":"61aa44451833fa34b3b2b545500058ef94404665"}
,"/Users/jmasse/Sites/slooh-app/app/components/telescope-details/UpcomingMissions/UpcomingMissionList.js": {"path":"/Users/jmasse/Sites/slooh-app/app/components/telescope-details/UpcomingMissions/UpcomingMissionList.js","statementMap":{"0":{"start":{"line":5,"column":18},"end":{"line":14,"column":1}},"1":{"start":{"line":16,"column":21},"end":{"line":18,"column":1}},"2":{"start":{"line":20,"column":28},"end":{"line":36,"column":1}},"3":{"start":{"line":21,"column":2},"end":{"line":35,"column":8}},"4":{"start":{"line":25,"column":10},"end":{"line":31,"column":15}},"5":{"start":{"line":38,"column":0},"end":{"line":38,"column":48}},"6":{"start":{"line":39,"column":0},"end":{"line":39,"column":42}}},"fnMap":{"0":{"name":"(anonymous_0)","decl":{"start":{"line":20,"column":28},"end":{"line":20,"column":29}},"loc":{"start":{"line":21,"column":2},"end":{"line":35,"column":8}},"line":21},"1":{"name":"(anonymous_1)","decl":{"start":{"line":24,"column":21},"end":{"line":24,"column":22}},"loc":{"start":{"line":25,"column":10},"end":{"line":31,"column":15}},"line":25}},"branchMap":{},"s":{"0":1,"1":1,"2":1,"3":2,"4":2,"5":1,"6":1},"f":{"0":2,"1":2},"b":{},"_coverageSchema":"332fd63041d2c1bcb487cc26dd0d5f7d97098a6c","hash":"f51f6337eaf2c106ddfd0b78c0c4b55ad615104d"}
,"/Users/jmasse/Sites/slooh-app/app/styles/variables/colors.js": {"path":"/Users/jmasse/Sites/slooh-app/app/styles/variables/colors.js","statementMap":{"0":{"start":{"line":1,"column":25},"end":{"line":1,"column":34}},"1":{"start":{"line":2,"column":20},"end":{"line":2,"column":29}},"2":{"start":{"line":3,"column":24},"end":{"line":3,"column":33}},"3":{"start":{"line":4,"column":25},"end":{"line":4,"column":34}},"4":{"start":{"line":5,"column":29},"end":{"line":5,"column":38}},"5":{"start":{"line":6,"column":25},"end":{"line":6,"column":34}},"6":{"start":{"line":7,"column":28},"end":{"line":7,"column":37}},"7":{"start":{"line":8,"column":25},"end":{"line":8,"column":34}},"8":{"start":{"line":9,"column":19},"end":{"line":9,"column":28}},"9":{"start":{"line":10,"column":21},"end":{"line":10,"column":27}},"10":{"start":{"line":11,"column":21},"end":{"line":11,"column":27}},"11":{"start":{"line":12,"column":20},"end":{"line":12,"column":29}},"12":{"start":{"line":13,"column":20},"end":{"line":13,"column":29}},"13":{"start":{"line":14,"column":22},"end":{"line":14,"column":31}},"14":{"start":{"line":15,"column":26},"end":{"line":15,"column":35}},"15":{"start":{"line":21,"column":26},"end":{"line":21,"column":46}},"16":{"start":{"line":23,"column":35},"end":{"line":23,"column":54}},"17":{"start":{"line":24,"column":34},"end":{"line":24,"column":53}},"18":{"start":{"line":25,"column":33},"end":{"line":25,"column":52}},"19":{"start":{"line":26,"column":28},"end":{"line":26,"column":47}},"20":{"start":{"line":27,"column":32},"end":{"line":27,"column":51}},"21":{"start":{"line":28,"column":33},"end":{"line":28,"column":52}},"22":{"start":{"line":29,"column":34},"end":{"line":29,"column":53}},"23":{"start":{"line":31,"column":32},"end":{"line":31,"column":52}},"24":{"start":{"line":32,"column":31},"end":{"line":32,"column":51}},"25":{"start":{"line":33,"column":30},"end":{"line":33,"column":50}},"26":{"start":{"line":34,"column":25},"end":{"line":34,"column":45}},"27":{"start":{"line":35,"column":29},"end":{"line":35,"column":49}},"28":{"start":{"line":36,"column":30},"end":{"line":36,"column":50}},"29":{"start":{"line":37,"column":31},"end":{"line":37,"column":50}},"30":{"start":{"line":39,"column":29},"end":{"line":39,"column":46}},"31":{"start":{"line":41,"column":32},"end":{"line":41,"column":50}},"32":{"start":{"line":42,"column":31},"end":{"line":42,"column":49}},"33":{"start":{"line":43,"column":30},"end":{"line":43,"column":48}},"34":{"start":{"line":44,"column":25},"end":{"line":44,"column":42}},"35":{"start":{"line":45,"column":29},"end":{"line":45,"column":46}},"36":{"start":{"line":46,"column":30},"end":{"line":46,"column":47}},"37":{"start":{"line":47,"column":31},"end":{"line":47,"column":47}},"38":{"start":{"line":49,"column":26},"end":{"line":49,"column":40}}},"fnMap":{},"branchMap":{},"s":{"0":1,"1":1,"2":1,"3":1,"4":1,"5":1,"6":1,"7":1,"8":1,"9":1,"10":1,"11":1,"12":1,"13":1,"14":1,"15":1,"16":1,"17":1,"18":1,"19":1,"20":1,"21":1,"22":1,"23":1,"24":1,"25":1,"26":1,"27":1,"28":1,"29":1,"30":1,"31":1,"32":1,"33":1,"34":1,"35":1,"36":1,"37":1,"38":1},"f":{},"b":{},"_coverageSchema":"332fd63041d2c1bcb487cc26dd0d5f7d97098a6c","hash":"fea6ef1927fa3276351d7599508c1b64e7c8b831"}
}
