TN:
SF:/Users/jmasse/Sites/slooh-app/app/components/common/google-ads/GoogleAd.js
FN:12,(anonymous_0)
FN:16,(anonymous_1)
FN:29,(anonymous_2)
FN:33,(anonymous_3)
FNF:4
FNH:2
FNDA:1,(anonymous_0)
FNDA:0,(anonymous_1)
FNDA:0,(anonymous_2)
FNDA:1,(anonymous_3)
DA:13,1
DA:15,1
DA:16,0
DA:17,0
DA:22,0
DA:23,0
DA:24,0
DA:30,0
DA:34,1
DA:35,1
DA:40,1
LF:11
LH:5
BRDA:15,0,0,0
BRDA:15,0,1,1
BRF:2
BRH:1
end_of_record
TN:
SF:/Users/jmasse/Sites/slooh-app/app/components/common/headers/SectionHeader.js
FN:5,(anonymous_0)
FNF:1
FNH:1
FNDA:1,(anonymous_0)
DA:5,1
DA:6,1
DA:27,1
DA:31,1
LF:4
LH:4
BRF:0
BRH:0
end_of_record
TN:
SF:/Users/jmasse/Sites/slooh-app/app/components/common/live-sign/live-sign.js
FN:4,(anonymous_0)
FNF:1
FNH:1
FNDA:1,(anonymous_0)
DA:5,1
LF:1
LH:1
BRF:0
BRH:0
end_of_record
TN:
SF:/Users/jmasse/Sites/slooh-app/app/components/telescope-details/UpcomingMissions/Mission.js
FN:4,backgroundImage
FN:15,(anonymous_1)
FNF:2
FNH:2
FNDA:1,backgroundImage
FNDA:1,(anonymous_1)
DA:5,1
DA:10,2
DA:15,2
DA:16,1
DA:25,2
LF:5
LH:5
BRF:0
BRH:0
end_of_record
TN:
SF:/Users/jmasse/Sites/slooh-app/app/components/telescope-details/UpcomingMissions/UpcomingMissionList.js
FN:20,(anonymous_0)
FN:24,(anonymous_1)
FNF:2
FNH:2
FNDA:2,(anonymous_0)
FNDA:2,(anonymous_1)
DA:5,1
DA:16,1
DA:20,1
DA:21,2
DA:25,2
DA:38,1
DA:39,1
LF:7
LH:7
BRF:0
BRH:0
end_of_record
TN:
SF:/Users/jmasse/Sites/slooh-app/app/styles/variables/colors.js
FNF:0
FNH:0
DA:1,1
DA:2,1
DA:3,1
DA:4,1
DA:5,1
DA:6,1
DA:7,1
DA:8,1
DA:9,1
DA:10,1
DA:11,1
DA:12,1
DA:13,1
DA:14,1
DA:15,1
DA:21,1
DA:23,1
DA:24,1
DA:25,1
DA:26,1
DA:27,1
DA:28,1
DA:29,1
DA:31,1
DA:32,1
DA:33,1
DA:34,1
DA:35,1
DA:36,1
DA:37,1
DA:39,1
DA:41,1
DA:42,1
DA:43,1
DA:44,1
DA:45,1
DA:46,1
DA:47,1
DA:49,1
LF:39
LH:39
BRF:0
BRH:0
end_of_record
